TN:
SF:src/ejercicio-1.ts
FN:4,suma
FNF:1
FNH:1
FNDA:1,suma
DA:1,1
DA:2,1
DA:3,1
DA:4,1
DA:5,1
DA:6,1
LF:6
LH:6
BRDA:4,0,0,1
BRF:1
BRH:1
end_of_record
TN:
SF:src/Entidades/Clientes.ts
FN:4,Cliente
FNF:1
FNH:1
FNDA:3,Cliente
DA:1,1
DA:2,1
DA:3,1
DA:4,1
DA:5,3
DA:6,3
DA:7,1
DA:8,1
DA:9,2
DA:10,1
LF:10
LH:10
BRDA:4,0,0,3
BRDA:6,1,0,1
BRDA:9,2,0,2
BRF:3
BRH:3
end_of_record
TN:
SF:src/Entidades/Proveedores.ts
FN:4,Proveedor
FNF:1
FNH:1
FNDA:3,Proveedor
DA:1,1
DA:2,1
DA:3,1
DA:4,1
DA:5,3
DA:6,3
DA:7,1
DA:8,1
DA:9,2
DA:10,1
LF:10
LH:10
BRDA:4,0,0,3
BRDA:6,1,0,1
BRDA:9,2,0,2
BRF:3
BRH:3
end_of_record
TN:
SF:src/Muebles/Armario.ts
FN:3,<instance_members_initializer>
FN:6,Armario
FN:12,get numeroPuertas
FN:16,get tieneCajones
FN:20,set numeroPuertas
FN:24,set tieneCajones
FNF:6
FNH:6
FNDA:2,<instance_members_initializer>
FNDA:3,Armario
FNDA:2,get numeroPuertas
FNDA:2,get tieneCajones
FNDA:1,set numeroPuertas
FNDA:1,set tieneCajones
DA:1,1
DA:2,1
DA:3,1
DA:4,2
DA:5,2
DA:6,2
DA:7,3
DA:8,3
DA:9,3
DA:10,3
DA:11,2
DA:12,2
DA:13,2
DA:14,2
DA:15,2
DA:16,2
DA:17,2
DA:18,2
DA:19,2
DA:20,2
DA:21,1
DA:22,1
DA:23,2
DA:24,2
DA:25,1
DA:26,1
DA:27,2
LF:27
LH:27
BRDA:3,0,0,2
BRDA:6,1,0,3
BRDA:12,2,0,2
BRDA:16,3,0,2
BRDA:20,4,0,1
BRDA:24,5,0,1
BRF:6
BRH:6
end_of_record
TN:
SF:src/Muebles/Mesa.ts
FN:3,<instance_members_initializer>
FN:6,Mesa
FN:12,get forma
FN:16,get plegable
FN:20,set forma
FN:24,set plegable
FNF:6
FNH:6
FNDA:2,<instance_members_initializer>
FNDA:3,Mesa
FNDA:2,get forma
FNDA:2,get plegable
FNDA:1,set forma
FNDA:1,set plegable
DA:1,1
DA:2,1
DA:3,1
DA:4,2
DA:5,2
DA:6,2
DA:7,3
DA:8,3
DA:9,3
DA:10,3
DA:11,2
DA:12,2
DA:13,2
DA:14,2
DA:15,2
DA:16,2
DA:17,2
DA:18,2
DA:19,2
DA:20,2
DA:21,1
DA:22,1
DA:23,2
DA:24,2
DA:25,1
DA:26,1
DA:27,2
LF:27
LH:27
BRDA:3,0,0,2
BRDA:6,1,0,3
BRDA:12,2,0,2
BRDA:16,3,0,2
BRDA:20,4,0,1
BRDA:24,5,0,1
BRF:6
BRH:6
end_of_record
TN:
SF:src/Muebles/Silla.ts
FN:3,<instance_members_initializer>
FN:6,Silla
FN:12,get inclinable
FN:16,get reposabrazos
FN:20,set inclinable
FN:24,set reposabrazos
FNF:6
FNH:6
FNDA:2,<instance_members_initializer>
FNDA:3,Silla
FNDA:2,get inclinable
FNDA:2,get reposabrazos
FNDA:1,set inclinable
FNDA:1,set reposabrazos
DA:1,1
DA:2,1
DA:3,1
DA:4,2
DA:5,2
DA:6,2
DA:7,3
DA:8,3
DA:9,3
DA:10,3
DA:11,2
DA:12,2
DA:13,2
DA:14,2
DA:15,2
DA:16,2
DA:17,2
DA:18,2
DA:19,2
DA:20,2
DA:21,1
DA:22,1
DA:23,2
DA:24,2
DA:25,1
DA:26,1
DA:27,2
LF:27
LH:27
BRDA:3,0,0,2
BRDA:6,1,0,3
BRDA:12,2,0,2
BRDA:16,3,0,2
BRDA:20,4,0,1
BRDA:24,5,0,1
BRF:6
BRH:6
end_of_record
TN:
SF:src/abstract_classes/Entidad.ts
FN:1,<instance_members_initializer>
FN:2,Entidad
FN:4,get id
FN:8,get nombre
FN:12,get contacto
FN:16,get direccion
FN:20,set id
FN:24,set nombre
FN:28,set contacto
FN:32,set direccion
FN:36,validarTelefono
FNF:11
FNH:11
FNDA:6,<instance_members_initializer>
FNDA:6,Entidad
FNDA:4,get id
FNDA:4,get nombre
FNDA:4,get contacto
FNDA:4,get direccion
FNDA:2,set id
FNDA:2,set nombre
FNDA:2,set contacto
FNDA:2,set direccion
FNDA:6,validarTelefono
DA:1,1
DA:2,6
DA:3,6
DA:4,6
DA:5,4
DA:6,4
DA:7,6
DA:8,6
DA:9,4
DA:10,4
DA:11,6
DA:12,6
DA:13,4
DA:14,4
DA:15,6
DA:16,6
DA:17,4
DA:18,4
DA:19,6
DA:20,6
DA:21,2
DA:22,2
DA:23,6
DA:24,6
DA:25,2
DA:26,2
DA:27,6
DA:28,6
DA:29,2
DA:30,2
DA:31,6
DA:32,6
DA:33,2
DA:34,2
DA:35,6
DA:36,6
DA:37,6
DA:38,6
DA:39,6
DA:40,6
DA:41,6
LF:41
LH:41
BRDA:1,0,0,6
BRDA:2,1,0,6
BRDA:4,2,0,4
BRDA:8,3,0,4
BRDA:12,4,0,4
BRDA:16,5,0,4
BRDA:20,6,0,2
BRDA:24,7,0,2
BRDA:28,8,0,2
BRDA:32,9,0,2
BRDA:36,10,0,6
BRF:11
BRH:11
end_of_record
TN:
SF:src/abstract_classes/Mueble.ts
FN:7,<instance_members_initializer>
FN:8,Mueble
FN:15,get id
FN:19,get nombre
FN:23,get descripcion
FN:27,get material
FN:31,get dimensiones
FN:35,get precio
FN:39,set id
FN:43,set nombre
FN:47,set descripcion
FN:51,set material
FN:55,set dimensiones
FN:59,set precio
FNF:14
FNH:14
FNDA:9,<instance_members_initializer>
FNDA:9,Mueble
FNDA:6,get id
FNDA:6,get nombre
FNDA:6,get descripcion
FNDA:6,get material
FNDA:6,get dimensiones
FNDA:6,get precio
FNDA:3,set id
FNDA:3,set nombre
FNDA:3,set descripcion
FNDA:3,set material
FNDA:3,set dimensiones
FNDA:3,set precio
DA:1,1
DA:2,1
DA:3,1
DA:4,1
DA:5,1
DA:6,1
DA:7,1
DA:8,9
DA:9,9
DA:10,9
DA:11,3
DA:12,3
DA:13,9
DA:14,9
DA:15,9
DA:16,6
DA:17,6
DA:18,9
DA:19,9
DA:20,6
DA:21,6
DA:22,9
DA:23,9
DA:24,6
DA:25,6
DA:26,9
DA:27,9
DA:28,6
DA:29,6
DA:30,9
DA:31,9
DA:32,6
DA:33,6
DA:34,9
DA:35,9
DA:36,6
DA:37,6
DA:38,9
DA:39,9
DA:40,3
DA:41,3
DA:42,9
DA:43,9
DA:44,3
DA:45,3
DA:46,9
DA:47,9
DA:48,3
DA:49,3
DA:50,9
DA:51,9
DA:52,3
DA:53,3
DA:54,9
DA:55,9
DA:56,3
DA:57,3
DA:58,9
DA:59,9
DA:60,3
DA:61,3
DA:62,9
LF:62
LH:62
BRDA:7,0,0,9
BRDA:8,1,0,9
BRDA:10,2,0,6
BRDA:10,3,0,6
BRDA:10,4,0,3
BRDA:15,5,0,6
BRDA:19,6,0,6
BRDA:23,7,0,6
BRDA:27,8,0,6
BRDA:31,9,0,6
BRDA:35,10,0,6
BRDA:39,11,0,3
BRDA:43,12,0,3
BRDA:47,13,0,3
BRDA:51,14,0,3
BRDA:55,15,0,3
BRDA:59,16,0,3
BRF:17
BRH:17
end_of_record
